2023-05-19 21:05:407 INFO  HomePage :64 - Clicking on Accept Cookies : [[ChromeDriver: chrome on WINDOWS (5c7f354b5cfabe50d00b4a7a097c2cc9)] -> xpath: //*[contains(text(),'Accept')]]
2023-05-19 21:05:214 INFO  HomePage :64 - Clicking on Accept Cookies : [[ChromeDriver: chrome on WINDOWS (3f39dad775b73fcc77dd1ebbf5d30e1d)] -> xpath: //*[contains(text(),'Accept')]]
2023-05-19 21:05:518 INFO  HomePage :69 - Sending keywords : Presser to [[ChromeDriver: chrome on WINDOWS (3f39dad775b73fcc77dd1ebbf5d30e1d)] -> xpath: //input[@id='keywords']]
2023-05-19 21:05:827 INFO  HomePage :74 - Sending Location : London to [[ChromeDriver: chrome on WINDOWS (3f39dad775b73fcc77dd1ebbf5d30e1d)] -> xpath: //input[@id='location']]
2023-05-19 21:05:134 INFO  HomePage :79 - Selecting distance : 25 from [[ChromeDriver: chrome on WINDOWS (3f39dad775b73fcc77dd1ebbf5d30e1d)] -> xpath: //select[@id='distance']]
2023-05-19 21:05:356 INFO  HomePage :84 - Clicking on More options : [[ChromeDriver: chrome on WINDOWS (3f39dad775b73fcc77dd1ebbf5d30e1d)] -> xpath: //button[@id='toggle-hp-search']]
2023-05-19 21:05:716 INFO  HomePage :89 - Sending Min Salary : 15000 to [[ChromeDriver: chrome on WINDOWS (3f39dad775b73fcc77dd1ebbf5d30e1d)] -> xpath: //input[@id='salarymin']]
2023-05-19 21:05:24 INFO  HomePage :94 - Sending Max Salary : 30000 to [[ChromeDriver: chrome on WINDOWS (3f39dad775b73fcc77dd1ebbf5d30e1d)] -> xpath: //input[@id='salarymax']]
2023-05-19 21:05:181 INFO  HomePage :99 - Selecting Salary Types : annum from [[ChromeDriver: chrome on WINDOWS (3f39dad775b73fcc77dd1ebbf5d30e1d)] -> xpath: //select[@id='salarytype']]
2023-05-19 21:05:415 INFO  HomePage :104 - Selecting Job Types : Permanent to [[ChromeDriver: chrome on WINDOWS (3f39dad775b73fcc77dd1ebbf5d30e1d)] -> xpath: //select[@id='tempperm']]
2023-05-19 21:05:703 INFO  HomePage :109 - Click on Find Jobs : [[ChromeDriver: chrome on WINDOWS (3f39dad775b73fcc77dd1ebbf5d30e1d)] -> xpath: //input[@id='hp-search-btn']]
2023-05-19 21:05:551 INFO  ResultPage :24 - Verifying Results : Permanent Presser jobs in London from [[ChromeDriver: chrome on WINDOWS (3f39dad775b73fcc77dd1ebbf5d30e1d)] -> xpath: //h1[@class='search-header__title']]
2023-05-19 21:05:946 INFO  HomePage :64 - Clicking on Accept Cookies : [[ChromeDriver: chrome on WINDOWS (41d49bf6e113480ae32fc1c6c40ce343)] -> xpath: //*[contains(text(),'Accept')]]
2023-05-19 21:05:360 INFO  HomePage :69 - Sending keywords : It Administrator to [[ChromeDriver: chrome on WINDOWS (41d49bf6e113480ae32fc1c6c40ce343)] -> xpath: //input[@id='keywords']]
2023-05-19 21:05:931 INFO  HomePage :74 - Sending Location : Warwick, Warwickshire to [[ChromeDriver: chrome on WINDOWS (41d49bf6e113480ae32fc1c6c40ce343)] -> xpath: //input[@id='location']]
2023-05-19 21:05:106 INFO  HomePage :79 - Selecting distance : 15 from [[ChromeDriver: chrome on WINDOWS (41d49bf6e113480ae32fc1c6c40ce343)] -> xpath: //select[@id='distance']]
2023-05-19 21:05:505 INFO  HomePage :84 - Clicking on More options : [[ChromeDriver: chrome on WINDOWS (41d49bf6e113480ae32fc1c6c40ce343)] -> xpath: //button[@id='toggle-hp-search']]
2023-05-19 21:05:746 INFO  HomePage :89 - Sending Min Salary : 40000 to [[ChromeDriver: chrome on WINDOWS (41d49bf6e113480ae32fc1c6c40ce343)] -> xpath: //input[@id='salarymin']]
2023-05-19 21:05:919 INFO  HomePage :94 - Sending Max Salary : 80000 to [[ChromeDriver: chrome on WINDOWS (41d49bf6e113480ae32fc1c6c40ce343)] -> xpath: //input[@id='salarymax']]
2023-05-19 21:05:51 INFO  HomePage :99 - Selecting Salary Types : annum from [[ChromeDriver: chrome on WINDOWS (41d49bf6e113480ae32fc1c6c40ce343)] -> xpath: //select[@id='salarytype']]
2023-05-19 21:05:265 INFO  HomePage :104 - Selecting Job Types : Permanent to [[ChromeDriver: chrome on WINDOWS (41d49bf6e113480ae32fc1c6c40ce343)] -> xpath: //select[@id='tempperm']]
2023-05-19 21:05:556 INFO  HomePage :109 - Click on Find Jobs : [[ChromeDriver: chrome on WINDOWS (41d49bf6e113480ae32fc1c6c40ce343)] -> xpath: //input[@id='hp-search-btn']]
2023-05-19 21:05:648 INFO  ResultPage :24 - Verifying Results : Permanent It Administrator jobs in Warwick from [[ChromeDriver: chrome on WINDOWS (41d49bf6e113480ae32fc1c6c40ce343)] -> xpath: //h1[@class='search-header__title']]
2023-05-19 21:05:709 INFO  HomePage :64 - Clicking on Accept Cookies : [[ChromeDriver: chrome on WINDOWS (ebb855699f8f8278bc9c5346670c6589)] -> xpath: //*[contains(text(),'Accept')]]
2023-05-19 21:05:424 INFO  HomePage :64 - Clicking on Accept Cookies : [[ChromeDriver: chrome on WINDOWS (1e9757c36e1043c94d2a826a6f06f9be)] -> xpath: //*[contains(text(),'Accept')]]
2023-05-19 21:05:409 INFO  HomePage :69 - Sending keywords : Test Analyst to [[ChromeDriver: chrome on WINDOWS (1e9757c36e1043c94d2a826a6f06f9be)] -> xpath: //input[@id='keywords']]
2023-05-19 21:05:939 INFO  HomePage :74 - Sending Location : Peterborough to [[ChromeDriver: chrome on WINDOWS (1e9757c36e1043c94d2a826a6f06f9be)] -> xpath: //input[@id='location']]
2023-05-19 21:05:102 INFO  HomePage :79 - Selecting distance : 15 from [[ChromeDriver: chrome on WINDOWS (1e9757c36e1043c94d2a826a6f06f9be)] -> xpath: //select[@id='distance']]
2023-05-19 21:05:375 INFO  HomePage :84 - Clicking on More options : [[ChromeDriver: chrome on WINDOWS (1e9757c36e1043c94d2a826a6f06f9be)] -> xpath: //button[@id='toggle-hp-search']]
2023-05-19 21:05:735 INFO  HomePage :89 - Sending Min Salary : 45000 to [[ChromeDriver: chrome on WINDOWS (1e9757c36e1043c94d2a826a6f06f9be)] -> xpath: //input[@id='salarymin']]
2023-05-19 21:05:936 INFO  HomePage :94 - Sending Max Salary : 55000 to [[ChromeDriver: chrome on WINDOWS (1e9757c36e1043c94d2a826a6f06f9be)] -> xpath: //input[@id='salarymax']]
2023-05-19 21:05:63 INFO  HomePage :99 - Selecting Salary Types : annum from [[ChromeDriver: chrome on WINDOWS (1e9757c36e1043c94d2a826a6f06f9be)] -> xpath: //select[@id='salarytype']]
2023-05-19 21:05:276 INFO  HomePage :104 - Selecting Job Types : Part Time to [[ChromeDriver: chrome on WINDOWS (1e9757c36e1043c94d2a826a6f06f9be)] -> xpath: //select[@id='tempperm']]
2023-05-19 21:05:532 INFO  HomePage :109 - Click on Find Jobs : [[ChromeDriver: chrome on WINDOWS (1e9757c36e1043c94d2a826a6f06f9be)] -> xpath: //input[@id='hp-search-btn']]
2023-05-19 21:05:450 INFO  ResultPage :24 - Verifying Results : Permanent Test Analyst jobs in Peterborough from [[ChromeDriver: chrome on WINDOWS (1e9757c36e1043c94d2a826a6f06f9be)] -> xpath: //h1[@class='search-header__title']]
2023-05-19 21:05:178 INFO  HomePage :64 - Clicking on Accept Cookies : [[ChromeDriver: chrome on WINDOWS (0db8dd3409ee980b3e3fa637f2154fd4)] -> xpath: //*[contains(text(),'Accept')]]
2023-05-19 21:05:630 INFO  HomePage :69 - Sending keywords : Test Manager to [[ChromeDriver: chrome on WINDOWS (0db8dd3409ee980b3e3fa637f2154fd4)] -> xpath: //input[@id='keywords']]
2023-05-19 21:05:28 INFO  HomePage :74 - Sending Location : Milton Keynes to [[ChromeDriver: chrome on WINDOWS (0db8dd3409ee980b3e3fa637f2154fd4)] -> xpath: //input[@id='location']]
2023-05-19 21:05:327 INFO  HomePage :79 - Selecting distance : 10 from [[ChromeDriver: chrome on WINDOWS (0db8dd3409ee980b3e3fa637f2154fd4)] -> xpath: //select[@id='distance']]
2023-05-19 21:05:591 INFO  HomePage :84 - Clicking on More options : [[ChromeDriver: chrome on WINDOWS (0db8dd3409ee980b3e3fa637f2154fd4)] -> xpath: //button[@id='toggle-hp-search']]
2023-05-19 21:05:938 INFO  HomePage :89 - Sending Min Salary : 350 to [[ChromeDriver: chrome on WINDOWS (0db8dd3409ee980b3e3fa637f2154fd4)] -> xpath: //input[@id='salarymin']]
2023-05-19 21:05:161 INFO  HomePage :94 - Sending Max Salary : 700 to [[ChromeDriver: chrome on WINDOWS (0db8dd3409ee980b3e3fa637f2154fd4)] -> xpath: //input[@id='salarymax']]
2023-05-19 21:05:367 INFO  HomePage :99 - Selecting Salary Types : day from [[ChromeDriver: chrome on WINDOWS (0db8dd3409ee980b3e3fa637f2154fd4)] -> xpath: //select[@id='salarytype']]
2023-05-19 21:05:543 INFO  HomePage :104 - Selecting Job Types : Permanent to [[ChromeDriver: chrome on WINDOWS (0db8dd3409ee980b3e3fa637f2154fd4)] -> xpath: //select[@id='tempperm']]
2023-05-19 21:05:798 INFO  HomePage :109 - Click on Find Jobs : [[ChromeDriver: chrome on WINDOWS (0db8dd3409ee980b3e3fa637f2154fd4)] -> xpath: //input[@id='hp-search-btn']]
2023-05-19 21:05:830 INFO  ResultPage :24 - Verifying Results : Contract Test Manager jobs in Milton Keynes from [[ChromeDriver: chrome on WINDOWS (0db8dd3409ee980b3e3fa637f2154fd4)] -> xpath: //h1[@class='search-header__title']]
2023-05-19 21:05:894 INFO  HomePage :64 - Clicking on Accept Cookies : [[ChromeDriver: chrome on WINDOWS (b8b368902974ba876b23bfcb7475ed1d)] -> xpath: //*[contains(text(),'Accept')]]
2023-05-19 21:05:456 INFO  HomePage :69 - Sending keywords : Tester to [[ChromeDriver: chrome on WINDOWS (b8b368902974ba876b23bfcb7475ed1d)] -> xpath: //input[@id='keywords']]
2023-05-19 21:05:958 INFO  HomePage :74 - Sending Location : Harrow to [[ChromeDriver: chrome on WINDOWS (b8b368902974ba876b23bfcb7475ed1d)] -> xpath: //input[@id='location']]
2023-05-19 21:05:210 INFO  HomePage :79 - Selecting distance : 5 from [[ChromeDriver: chrome on WINDOWS (b8b368902974ba876b23bfcb7475ed1d)] -> xpath: //select[@id='distance']]
2023-05-19 21:05:442 INFO  HomePage :84 - Clicking on More options : [[ChromeDriver: chrome on WINDOWS (b8b368902974ba876b23bfcb7475ed1d)] -> xpath: //button[@id='toggle-hp-search']]
2023-05-19 21:05:914 INFO  HomePage :89 - Sending Min Salary : 30000 to [[ChromeDriver: chrome on WINDOWS (b8b368902974ba876b23bfcb7475ed1d)] -> xpath: //input[@id='salarymin']]
2023-05-19 21:05:125 INFO  HomePage :94 - Sending Max Salary : 500000 to [[ChromeDriver: chrome on WINDOWS (b8b368902974ba876b23bfcb7475ed1d)] -> xpath: //input[@id='salarymax']]
2023-05-19 21:05:257 INFO  HomePage :99 - Selecting Salary Types : annum from [[ChromeDriver: chrome on WINDOWS (b8b368902974ba876b23bfcb7475ed1d)] -> xpath: //select[@id='salarytype']]
2023-05-19 21:05:428 INFO  HomePage :104 - Selecting Job Types : Permanent to [[ChromeDriver: chrome on WINDOWS (b8b368902974ba876b23bfcb7475ed1d)] -> xpath: //select[@id='tempperm']]
2023-05-19 21:05:712 INFO  HomePage :109 - Click on Find Jobs : [[ChromeDriver: chrome on WINDOWS (b8b368902974ba876b23bfcb7475ed1d)] -> xpath: //input[@id='hp-search-btn']]
2023-05-19 21:05:975 INFO  ResultPage :24 - Verifying Results : Permanent Tester jobs in Harrow on the Hill from [[ChromeDriver: chrome on WINDOWS (b8b368902974ba876b23bfcb7475ed1d)] -> xpath: //h1[@class='search-header__title']]
2023-05-19 21:05:202 INFO  HomePage :64 - Clicking on Accept Cookies : [[ChromeDriver: chrome on WINDOWS (7af46134c3c38664d2e2ccbb0136f666)] -> xpath: //*[contains(text(),'Accept')]]
2023-05-19 21:05:423 INFO  HomePage :69 - Sending keywords : Presser to [[ChromeDriver: chrome on WINDOWS (7af46134c3c38664d2e2ccbb0136f666)] -> xpath: //input[@id='keywords']]
2023-05-19 21:05:675 INFO  HomePage :74 - Sending Location : London to [[ChromeDriver: chrome on WINDOWS (7af46134c3c38664d2e2ccbb0136f666)] -> xpath: //input[@id='location']]
2023-05-19 21:05:932 INFO  HomePage :79 - Selecting distance : 25 from [[ChromeDriver: chrome on WINDOWS (7af46134c3c38664d2e2ccbb0136f666)] -> xpath: //select[@id='distance']]
2023-05-19 21:05:264 INFO  HomePage :84 - Clicking on More options : [[ChromeDriver: chrome on WINDOWS (7af46134c3c38664d2e2ccbb0136f666)] -> xpath: //button[@id='toggle-hp-search']]
2023-05-19 21:05:756 INFO  HomePage :89 - Sending Min Salary : 15000 to [[ChromeDriver: chrome on WINDOWS (7af46134c3c38664d2e2ccbb0136f666)] -> xpath: //input[@id='salarymin']]
2023-05-19 21:05:942 INFO  HomePage :94 - Sending Max Salary : 30000 to [[ChromeDriver: chrome on WINDOWS (7af46134c3c38664d2e2ccbb0136f666)] -> xpath: //input[@id='salarymax']]
2023-05-19 21:05:78 INFO  HomePage :99 - Selecting Salary Types : annum from [[ChromeDriver: chrome on WINDOWS (7af46134c3c38664d2e2ccbb0136f666)] -> xpath: //select[@id='salarytype']]
2023-05-19 21:05:276 INFO  HomePage :104 - Selecting Job Types : Permanent to [[ChromeDriver: chrome on WINDOWS (7af46134c3c38664d2e2ccbb0136f666)] -> xpath: //select[@id='tempperm']]
2023-05-19 21:05:510 INFO  HomePage :109 - Click on Find Jobs : [[ChromeDriver: chrome on WINDOWS (7af46134c3c38664d2e2ccbb0136f666)] -> xpath: //input[@id='hp-search-btn']]
2023-05-19 21:05:615 INFO  ResultPage :24 - Verifying Results : Permanent Presser jobs in London from [[ChromeDriver: chrome on WINDOWS (7af46134c3c38664d2e2ccbb0136f666)] -> xpath: //h1[@class='search-header__title']]
2023-05-19 22:05:435 INFO  HomePage :64 - Clicking on Accept Cookies : [[ChromeDriver: chrome on WINDOWS (6424d95ef596c535653fa6a67e053461)] -> xpath: //*[contains(text(),'Accept')]]
2023-05-19 22:05:471 INFO  HomePage :69 - Sending keywords : It Administrator to [[ChromeDriver: chrome on WINDOWS (6424d95ef596c535653fa6a67e053461)] -> xpath: //input[@id='keywords']]
2023-05-19 22:05:832 INFO  HomePage :74 - Sending Location : Warwick, Warwickshire to [[ChromeDriver: chrome on WINDOWS (6424d95ef596c535653fa6a67e053461)] -> xpath: //input[@id='location']]
2023-05-19 22:05:14 INFO  HomePage :79 - Selecting distance : 15 from [[ChromeDriver: chrome on WINDOWS (6424d95ef596c535653fa6a67e053461)] -> xpath: //select[@id='distance']]
2023-05-19 22:05:323 INFO  HomePage :84 - Clicking on More options : [[ChromeDriver: chrome on WINDOWS (6424d95ef596c535653fa6a67e053461)] -> xpath: //button[@id='toggle-hp-search']]
2023-05-19 22:05:772 INFO  HomePage :89 - Sending Min Salary : 40000 to [[ChromeDriver: chrome on WINDOWS (6424d95ef596c535653fa6a67e053461)] -> xpath: //input[@id='salarymin']]
2023-05-19 22:05:934 INFO  HomePage :94 - Sending Max Salary : 80000 to [[ChromeDriver: chrome on WINDOWS (6424d95ef596c535653fa6a67e053461)] -> xpath: //input[@id='salarymax']]
2023-05-19 22:05:49 INFO  HomePage :99 - Selecting Salary Types : annum from [[ChromeDriver: chrome on WINDOWS (6424d95ef596c535653fa6a67e053461)] -> xpath: //select[@id='salarytype']]
2023-05-19 22:05:240 INFO  HomePage :104 - Selecting Job Types : Permanent to [[ChromeDriver: chrome on WINDOWS (6424d95ef596c535653fa6a67e053461)] -> xpath: //select[@id='tempperm']]
2023-05-19 22:05:531 INFO  HomePage :109 - Click on Find Jobs : [[ChromeDriver: chrome on WINDOWS (6424d95ef596c535653fa6a67e053461)] -> xpath: //input[@id='hp-search-btn']]
2023-05-19 22:05:667 INFO  ResultPage :24 - Verifying Results : Permanent It Administrator jobs in Warwick from [[ChromeDriver: chrome on WINDOWS (6424d95ef596c535653fa6a67e053461)] -> xpath: //h1[@class='search-header__title']]
2023-05-19 22:05:631 INFO  HomePage :64 - Clicking on Accept Cookies : [[ChromeDriver: chrome on WINDOWS (ffdc46305936f91b3c903517c6585b9b)] -> xpath: //*[contains(text(),'Accept')]]
2023-05-19 22:05:744 INFO  HomePage :69 - Sending keywords : Network Manager to [[ChromeDriver: chrome on WINDOWS (ffdc46305936f91b3c903517c6585b9b)] -> xpath: //input[@id='keywords']]
2023-05-19 22:05:979 INFO  HomePage :74 - Sending Location : Reading to [[ChromeDriver: chrome on WINDOWS (ffdc46305936f91b3c903517c6585b9b)] -> xpath: //input[@id='location']]
2023-05-19 22:05:246 INFO  HomePage :79 - Selecting distance : 7 from [[ChromeDriver: chrome on WINDOWS (ffdc46305936f91b3c903517c6585b9b)] -> xpath: //select[@id='distance']]
2023-05-19 22:05:205 INFO  HomePage :84 - Clicking on More options : [[ChromeDriver: chrome on WINDOWS (ffdc46305936f91b3c903517c6585b9b)] -> xpath: //button[@id='toggle-hp-search']]
2023-05-19 22:05:997 INFO  HomePage :89 - Sending Min Salary : 45000 to [[ChromeDriver: chrome on WINDOWS (ffdc46305936f91b3c903517c6585b9b)] -> xpath: //input[@id='salarymin']]
2023-05-19 22:05:215 INFO  HomePage :94 - Sending Max Salary : 65000 to [[ChromeDriver: chrome on WINDOWS (ffdc46305936f91b3c903517c6585b9b)] -> xpath: //input[@id='salarymax']]
2023-05-19 22:05:449 INFO  HomePage :99 - Selecting Salary Types : annum from [[ChromeDriver: chrome on WINDOWS (ffdc46305936f91b3c903517c6585b9b)] -> xpath: //select[@id='salarytype']]
2023-05-19 22:05:882 INFO  HomePage :104 - Selecting Job Types : Permanent to [[ChromeDriver: chrome on WINDOWS (ffdc46305936f91b3c903517c6585b9b)] -> xpath: //select[@id='tempperm']]
2023-05-19 22:05:314 INFO  HomePage :109 - Click on Find Jobs : [[ChromeDriver: chrome on WINDOWS (ffdc46305936f91b3c903517c6585b9b)] -> xpath: //input[@id='hp-search-btn']]
2023-05-19 22:05:912 INFO  ResultPage :24 - Verifying Results : Permanent Network Manager jobs in Reading from [[ChromeDriver: chrome on WINDOWS (ffdc46305936f91b3c903517c6585b9b)] -> xpath: //h1[@class='search-header__title']]
2023-05-19 22:05:888 INFO  HomePage :64 - Clicking on Accept Cookies : [[ChromeDriver: chrome on WINDOWS (02966369678d221b798d5a814bf070dc)] -> xpath: //*[contains(text(),'Accept')]]
2023-05-19 22:05:774 INFO  HomePage :69 - Sending keywords : Test Analyst to [[ChromeDriver: chrome on WINDOWS (02966369678d221b798d5a814bf070dc)] -> xpath: //input[@id='keywords']]
2023-05-19 22:05:342 INFO  HomePage :74 - Sending Location : Peterborough to [[ChromeDriver: chrome on WINDOWS (02966369678d221b798d5a814bf070dc)] -> xpath: //input[@id='location']]
2023-05-19 22:05:495 INFO  HomePage :79 - Selecting distance : 15 from [[ChromeDriver: chrome on WINDOWS (02966369678d221b798d5a814bf070dc)] -> xpath: //select[@id='distance']]
2023-05-19 22:05:729 INFO  HomePage :84 - Clicking on More options : [[ChromeDriver: chrome on WINDOWS (02966369678d221b798d5a814bf070dc)] -> xpath: //button[@id='toggle-hp-search']]
2023-05-19 22:05:256 INFO  HomePage :89 - Sending Min Salary : 45000 to [[ChromeDriver: chrome on WINDOWS (02966369678d221b798d5a814bf070dc)] -> xpath: //input[@id='salarymin']]
2023-05-19 22:05:415 INFO  HomePage :94 - Sending Max Salary : 55000 to [[ChromeDriver: chrome on WINDOWS (02966369678d221b798d5a814bf070dc)] -> xpath: //input[@id='salarymax']]
2023-05-19 22:05:530 INFO  HomePage :99 - Selecting Salary Types : annum from [[ChromeDriver: chrome on WINDOWS (02966369678d221b798d5a814bf070dc)] -> xpath: //select[@id='salarytype']]
2023-05-19 22:05:728 INFO  HomePage :104 - Selecting Job Types : Part Time to [[ChromeDriver: chrome on WINDOWS (02966369678d221b798d5a814bf070dc)] -> xpath: //select[@id='tempperm']]
2023-05-19 22:05:986 INFO  HomePage :109 - Click on Find Jobs : [[ChromeDriver: chrome on WINDOWS (02966369678d221b798d5a814bf070dc)] -> xpath: //input[@id='hp-search-btn']]
2023-05-19 22:05:658 INFO  ResultPage :24 - Verifying Results : Permanent Test Analyst jobs in Peterborough from [[ChromeDriver: chrome on WINDOWS (02966369678d221b798d5a814bf070dc)] -> xpath: //h1[@class='search-header__title']]
2023-05-19 22:05:269 INFO  HomePage :64 - Clicking on Accept Cookies : [[ChromeDriver: chrome on WINDOWS (c9efbdc0d95216f2c1912692307a483c)] -> xpath: //*[contains(text(),'Accept')]]
2023-05-19 22:05:999 INFO  HomePage :69 - Sending keywords : Test Manager to [[ChromeDriver: chrome on WINDOWS (c9efbdc0d95216f2c1912692307a483c)] -> xpath: //input[@id='keywords']]
2023-05-19 22:05:316 INFO  HomePage :74 - Sending Location : Milton Keynes to [[ChromeDriver: chrome on WINDOWS (c9efbdc0d95216f2c1912692307a483c)] -> xpath: //input[@id='location']]
2023-05-19 22:05:859 INFO  HomePage :79 - Selecting distance : 10 from [[ChromeDriver: chrome on WINDOWS (c9efbdc0d95216f2c1912692307a483c)] -> xpath: //select[@id='distance']]
2023-05-19 22:05:118 INFO  HomePage :84 - Clicking on More options : [[ChromeDriver: chrome on WINDOWS (c9efbdc0d95216f2c1912692307a483c)] -> xpath: //button[@id='toggle-hp-search']]
2023-05-19 22:05:559 INFO  HomePage :89 - Sending Min Salary : 350 to [[ChromeDriver: chrome on WINDOWS (c9efbdc0d95216f2c1912692307a483c)] -> xpath: //input[@id='salarymin']]
2023-05-19 22:05:707 INFO  HomePage :94 - Sending Max Salary : 700 to [[ChromeDriver: chrome on WINDOWS (c9efbdc0d95216f2c1912692307a483c)] -> xpath: //input[@id='salarymax']]
2023-05-19 22:05:882 INFO  HomePage :99 - Selecting Salary Types : day from [[ChromeDriver: chrome on WINDOWS (c9efbdc0d95216f2c1912692307a483c)] -> xpath: //select[@id='salarytype']]
2023-05-19 22:05:53 INFO  HomePage :104 - Selecting Job Types : Permanent to [[ChromeDriver: chrome on WINDOWS (c9efbdc0d95216f2c1912692307a483c)] -> xpath: //select[@id='tempperm']]
2023-05-19 22:05:332 INFO  HomePage :109 - Click on Find Jobs : [[ChromeDriver: chrome on WINDOWS (c9efbdc0d95216f2c1912692307a483c)] -> xpath: //input[@id='hp-search-btn']]
2023-05-19 22:05:596 INFO  ResultPage :24 - Verifying Results : Contract Test Manager jobs in Milton Keynes from [[ChromeDriver: chrome on WINDOWS (c9efbdc0d95216f2c1912692307a483c)] -> xpath: //h1[@class='search-header__title']]
2023-05-19 22:05:463 INFO  HomePage :64 - Clicking on Accept Cookies : [[ChromeDriver: chrome on WINDOWS (46fc7f1d49070bd7b9877c9e031ee89b)] -> xpath: //*[contains(text(),'Accept')]]
2023-05-19 22:05:386 INFO  HomePage :69 - Sending keywords : Tester to [[ChromeDriver: chrome on WINDOWS (46fc7f1d49070bd7b9877c9e031ee89b)] -> xpath: //input[@id='keywords']]
2023-05-19 22:05:648 INFO  HomePage :74 - Sending Location : Harrow to [[ChromeDriver: chrome on WINDOWS (46fc7f1d49070bd7b9877c9e031ee89b)] -> xpath: //input[@id='location']]
2023-05-19 22:05:681 INFO  HomePage :79 - Selecting distance : 5 from [[ChromeDriver: chrome on WINDOWS (46fc7f1d49070bd7b9877c9e031ee89b)] -> xpath: //select[@id='distance']]
2023-05-19 22:05:978 INFO  HomePage :84 - Clicking on More options : [[ChromeDriver: chrome on WINDOWS (46fc7f1d49070bd7b9877c9e031ee89b)] -> xpath: //button[@id='toggle-hp-search']]
2023-05-19 22:05:397 INFO  HomePage :89 - Sending Min Salary : 30000 to [[ChromeDriver: chrome on WINDOWS (46fc7f1d49070bd7b9877c9e031ee89b)] -> xpath: //input[@id='salarymin']]
2023-05-19 22:05:653 INFO  HomePage :94 - Sending Max Salary : 500000 to [[ChromeDriver: chrome on WINDOWS (46fc7f1d49070bd7b9877c9e031ee89b)] -> xpath: //input[@id='salarymax']]
2023-05-19 22:05:874 INFO  HomePage :99 - Selecting Salary Types : annum from [[ChromeDriver: chrome on WINDOWS (46fc7f1d49070bd7b9877c9e031ee89b)] -> xpath: //select[@id='salarytype']]
2023-05-19 22:05:119 INFO  HomePage :104 - Selecting Job Types : Permanent to [[ChromeDriver: chrome on WINDOWS (46fc7f1d49070bd7b9877c9e031ee89b)] -> xpath: //select[@id='tempperm']]
2023-05-19 22:05:486 INFO  HomePage :109 - Click on Find Jobs : [[ChromeDriver: chrome on WINDOWS (46fc7f1d49070bd7b9877c9e031ee89b)] -> xpath: //input[@id='hp-search-btn']]
2023-05-19 22:05:54 INFO  ResultPage :24 - Verifying Results : Permanent Tester jobs in Harrow on the Hill from [[ChromeDriver: chrome on WINDOWS (46fc7f1d49070bd7b9877c9e031ee89b)] -> xpath: //h1[@class='search-header__title']]
2023-05-19 22:05:980 INFO  HomePage :64 - Clicking on Accept Cookies : [[ChromeDriver: chrome on WINDOWS (653b5d5e08157847ca82ab4343ad640c)] -> xpath: //*[contains(text(),'Accept')]]
2023-05-19 22:05:954 INFO  HomePage :69 - Sending keywords : Presser to [[ChromeDriver: chrome on WINDOWS (653b5d5e08157847ca82ab4343ad640c)] -> xpath: //input[@id='keywords']]
2023-05-19 22:05:214 INFO  HomePage :74 - Sending Location : London to [[ChromeDriver: chrome on WINDOWS (653b5d5e08157847ca82ab4343ad640c)] -> xpath: //input[@id='location']]
2023-05-19 22:05:491 INFO  HomePage :79 - Selecting distance : 25 from [[ChromeDriver: chrome on WINDOWS (653b5d5e08157847ca82ab4343ad640c)] -> xpath: //select[@id='distance']]
2023-05-19 22:05:755 INFO  HomePage :84 - Clicking on More options : [[ChromeDriver: chrome on WINDOWS (653b5d5e08157847ca82ab4343ad640c)] -> xpath: //button[@id='toggle-hp-search']]
2023-05-19 22:05:337 INFO  HomePage :89 - Sending Min Salary : 15000 to [[ChromeDriver: chrome on WINDOWS (653b5d5e08157847ca82ab4343ad640c)] -> xpath: //input[@id='salarymin']]
2023-05-19 22:05:535 INFO  HomePage :94 - Sending Max Salary : 30000 to [[ChromeDriver: chrome on WINDOWS (653b5d5e08157847ca82ab4343ad640c)] -> xpath: //input[@id='salarymax']]
2023-05-19 22:05:667 INFO  HomePage :99 - Selecting Salary Types : annum from [[ChromeDriver: chrome on WINDOWS (653b5d5e08157847ca82ab4343ad640c)] -> xpath: //select[@id='salarytype']]
2023-05-19 22:05:857 INFO  HomePage :104 - Selecting Job Types : Permanent to [[ChromeDriver: chrome on WINDOWS (653b5d5e08157847ca82ab4343ad640c)] -> xpath: //select[@id='tempperm']]
2023-05-19 22:05:125 INFO  HomePage :109 - Click on Find Jobs : [[ChromeDriver: chrome on WINDOWS (653b5d5e08157847ca82ab4343ad640c)] -> xpath: //input[@id='hp-search-btn']]
2023-05-19 22:05:623 INFO  ResultPage :24 - Verifying Results : Permanent Presser jobs in London from [[ChromeDriver: chrome on WINDOWS (653b5d5e08157847ca82ab4343ad640c)] -> xpath: //h1[@class='search-header__title']]
2023-05-19 22:05:56 INFO  HomePage :64 - Clicking on Accept Cookies : [[ChromeDriver: chrome on WINDOWS (8190b63b59d465cb6750f09675d1fb2a)] -> xpath: //*[contains(text(),'Accept')]]
2023-05-19 22:05:541 INFO  HomePage :69 - Sending keywords : It Administrator to [[ChromeDriver: chrome on WINDOWS (8190b63b59d465cb6750f09675d1fb2a)] -> xpath: //input[@id='keywords']]
2023-05-19 22:05:871 INFO  HomePage :74 - Sending Location : Warwick, Warwickshire to [[ChromeDriver: chrome on WINDOWS (8190b63b59d465cb6750f09675d1fb2a)] -> xpath: //input[@id='location']]
2023-05-19 22:05:28 INFO  HomePage :79 - Selecting distance : 15 from [[ChromeDriver: chrome on WINDOWS (8190b63b59d465cb6750f09675d1fb2a)] -> xpath: //select[@id='distance']]
2023-05-19 22:05:324 INFO  HomePage :84 - Clicking on More options : [[ChromeDriver: chrome on WINDOWS (8190b63b59d465cb6750f09675d1fb2a)] -> xpath: //button[@id='toggle-hp-search']]
2023-05-19 22:05:829 INFO  HomePage :89 - Sending Min Salary : 40000 to [[ChromeDriver: chrome on WINDOWS (8190b63b59d465cb6750f09675d1fb2a)] -> xpath: //input[@id='salarymin']]
2023-05-19 22:05:17 INFO  HomePage :94 - Sending Max Salary : 80000 to [[ChromeDriver: chrome on WINDOWS (8190b63b59d465cb6750f09675d1fb2a)] -> xpath: //input[@id='salarymax']]
2023-05-19 22:05:157 INFO  HomePage :99 - Selecting Salary Types : annum from [[ChromeDriver: chrome on WINDOWS (8190b63b59d465cb6750f09675d1fb2a)] -> xpath: //select[@id='salarytype']]
2023-05-19 22:05:398 INFO  HomePage :104 - Selecting Job Types : Permanent to [[ChromeDriver: chrome on WINDOWS (8190b63b59d465cb6750f09675d1fb2a)] -> xpath: //select[@id='tempperm']]
2023-05-19 22:05:696 INFO  HomePage :109 - Click on Find Jobs : [[ChromeDriver: chrome on WINDOWS (8190b63b59d465cb6750f09675d1fb2a)] -> xpath: //input[@id='hp-search-btn']]
2023-05-19 22:05:754 INFO  ResultPage :24 - Verifying Results : Permanent It Administrator jobs in Warwick from [[ChromeDriver: chrome on WINDOWS (8190b63b59d465cb6750f09675d1fb2a)] -> xpath: //h1[@class='search-header__title']]
2023-05-19 22:05:592 INFO  HomePage :64 - Clicking on Accept Cookies : [[ChromeDriver: chrome on WINDOWS (0fa889d414a0e6c49d0a9f74fcfbeeb6)] -> xpath: //*[contains(text(),'Accept')]]
2023-05-19 22:05:823 INFO  HomePage :69 - Sending keywords : Network Manager to [[ChromeDriver: chrome on WINDOWS (0fa889d414a0e6c49d0a9f74fcfbeeb6)] -> xpath: //input[@id='keywords']]
2023-05-19 22:05:95 INFO  HomePage :74 - Sending Location : Reading to [[ChromeDriver: chrome on WINDOWS (0fa889d414a0e6c49d0a9f74fcfbeeb6)] -> xpath: //input[@id='location']]
2023-05-19 22:05:426 INFO  HomePage :79 - Selecting distance : 7 from [[ChromeDriver: chrome on WINDOWS (0fa889d414a0e6c49d0a9f74fcfbeeb6)] -> xpath: //select[@id='distance']]
2023-05-19 22:05:642 INFO  HomePage :84 - Clicking on More options : [[ChromeDriver: chrome on WINDOWS (0fa889d414a0e6c49d0a9f74fcfbeeb6)] -> xpath: //button[@id='toggle-hp-search']]
2023-05-19 22:05:210 INFO  HomePage :89 - Sending Min Salary : 45000 to [[ChromeDriver: chrome on WINDOWS (0fa889d414a0e6c49d0a9f74fcfbeeb6)] -> xpath: //input[@id='salarymin']]
2023-05-19 22:05:365 INFO  HomePage :94 - Sending Max Salary : 65000 to [[ChromeDriver: chrome on WINDOWS (0fa889d414a0e6c49d0a9f74fcfbeeb6)] -> xpath: //input[@id='salarymax']]
2023-05-19 22:05:562 INFO  HomePage :99 - Selecting Salary Types : annum from [[ChromeDriver: chrome on WINDOWS (0fa889d414a0e6c49d0a9f74fcfbeeb6)] -> xpath: //select[@id='salarytype']]
2023-05-19 22:05:771 INFO  HomePage :104 - Selecting Job Types : Permanent to [[ChromeDriver: chrome on WINDOWS (0fa889d414a0e6c49d0a9f74fcfbeeb6)] -> xpath: //select[@id='tempperm']]
2023-05-19 22:05:35 INFO  HomePage :109 - Click on Find Jobs : [[ChromeDriver: chrome on WINDOWS (0fa889d414a0e6c49d0a9f74fcfbeeb6)] -> xpath: //input[@id='hp-search-btn']]
2023-05-19 22:05:387 INFO  ResultPage :24 - Verifying Results : Permanent Network Manager jobs in Reading from [[ChromeDriver: chrome on WINDOWS (0fa889d414a0e6c49d0a9f74fcfbeeb6)] -> xpath: //h1[@class='search-header__title']]
2023-05-19 22:05:297 INFO  HomePage :64 - Clicking on Accept Cookies : [[ChromeDriver: chrome on WINDOWS (d48799fcec5324bcb8d696e8b853ae26)] -> xpath: //*[contains(text(),'Accept')]]
2023-05-19 22:05:85 INFO  HomePage :69 - Sending keywords : Test Analyst to [[ChromeDriver: chrome on WINDOWS (d48799fcec5324bcb8d696e8b853ae26)] -> xpath: //input[@id='keywords']]
2023-05-19 22:05:452 INFO  HomePage :74 - Sending Location : Peterborough to [[ChromeDriver: chrome on WINDOWS (d48799fcec5324bcb8d696e8b853ae26)] -> xpath: //input[@id='location']]
2023-05-19 22:05:652 INFO  HomePage :79 - Selecting distance : 15 from [[ChromeDriver: chrome on WINDOWS (d48799fcec5324bcb8d696e8b853ae26)] -> xpath: //select[@id='distance']]
2023-05-19 22:05:991 INFO  HomePage :84 - Clicking on More options : [[ChromeDriver: chrome on WINDOWS (d48799fcec5324bcb8d696e8b853ae26)] -> xpath: //button[@id='toggle-hp-search']]
2023-05-19 22:05:425 INFO  HomePage :89 - Sending Min Salary : 45000 to [[ChromeDriver: chrome on WINDOWS (d48799fcec5324bcb8d696e8b853ae26)] -> xpath: //input[@id='salarymin']]
2023-05-19 22:05:570 INFO  HomePage :94 - Sending Max Salary : 55000 to [[ChromeDriver: chrome on WINDOWS (d48799fcec5324bcb8d696e8b853ae26)] -> xpath: //input[@id='salarymax']]
2023-05-19 22:05:719 INFO  HomePage :99 - Selecting Salary Types : annum from [[ChromeDriver: chrome on WINDOWS (d48799fcec5324bcb8d696e8b853ae26)] -> xpath: //select[@id='salarytype']]
2023-05-19 22:05:942 INFO  HomePage :104 - Selecting Job Types : Part Time to [[ChromeDriver: chrome on WINDOWS (d48799fcec5324bcb8d696e8b853ae26)] -> xpath: //select[@id='tempperm']]
2023-05-19 22:05:246 INFO  HomePage :109 - Click on Find Jobs : [[ChromeDriver: chrome on WINDOWS (d48799fcec5324bcb8d696e8b853ae26)] -> xpath: //input[@id='hp-search-btn']]
2023-05-19 22:05:416 INFO  ResultPage :24 - Verifying Results : Permanent Test Analyst jobs in Peterborough from [[ChromeDriver: chrome on WINDOWS (d48799fcec5324bcb8d696e8b853ae26)] -> xpath: //h1[@class='search-header__title']]
2023-05-19 22:05:390 INFO  HomePage :64 - Clicking on Accept Cookies : [[ChromeDriver: chrome on WINDOWS (ef2b9885327ef52d1a2dca546741d31b)] -> xpath: //*[contains(text(),'Accept')]]
2023-05-19 22:05:333 INFO  HomePage :69 - Sending keywords : Test Manager to [[ChromeDriver: chrome on WINDOWS (ef2b9885327ef52d1a2dca546741d31b)] -> xpath: //input[@id='keywords']]
2023-05-19 22:05:71 INFO  HomePage :74 - Sending Location : Milton Keynes to [[ChromeDriver: chrome on WINDOWS (ef2b9885327ef52d1a2dca546741d31b)] -> xpath: //input[@id='location']]
2023-05-19 22:05:436 INFO  HomePage :79 - Selecting distance : 10 from [[ChromeDriver: chrome on WINDOWS (ef2b9885327ef52d1a2dca546741d31b)] -> xpath: //select[@id='distance']]
2023-05-19 22:05:802 INFO  HomePage :84 - Clicking on More options : [[ChromeDriver: chrome on WINDOWS (ef2b9885327ef52d1a2dca546741d31b)] -> xpath: //button[@id='toggle-hp-search']]
2023-05-19 22:05:144 INFO  HomePage :89 - Sending Min Salary : 350 to [[ChromeDriver: chrome on WINDOWS (ef2b9885327ef52d1a2dca546741d31b)] -> xpath: //input[@id='salarymin']]
2023-05-19 22:05:311 INFO  HomePage :94 - Sending Max Salary : 700 to [[ChromeDriver: chrome on WINDOWS (ef2b9885327ef52d1a2dca546741d31b)] -> xpath: //input[@id='salarymax']]
2023-05-19 22:05:490 INFO  HomePage :99 - Selecting Salary Types : day from [[ChromeDriver: chrome on WINDOWS (ef2b9885327ef52d1a2dca546741d31b)] -> xpath: //select[@id='salarytype']]
2023-05-19 22:05:663 INFO  HomePage :104 - Selecting Job Types : Permanent to [[ChromeDriver: chrome on WINDOWS (ef2b9885327ef52d1a2dca546741d31b)] -> xpath: //select[@id='tempperm']]
2023-05-19 22:05:979 INFO  HomePage :109 - Click on Find Jobs : [[ChromeDriver: chrome on WINDOWS (ef2b9885327ef52d1a2dca546741d31b)] -> xpath: //input[@id='hp-search-btn']]
2023-05-19 22:05:884 INFO  ResultPage :24 - Verifying Results : Contract Test Manager jobs in Milton Keynes from [[ChromeDriver: chrome on WINDOWS (ef2b9885327ef52d1a2dca546741d31b)] -> xpath: //h1[@class='search-header__title']]
